cc-pvdz
coords shape (67500, 3)
cH= 0.3682250153776402
c1= 0.038837217275963794
c2= 0.13157738606911767
cP= 2.82467950856205
cc-pvdz eigenvalue 2.7157307576575995 2.7202571888186657 error 0.004526431161066213
estim_Delta= 0.0013840182872527991
estim_atom= 0.00013371511699746309
Estimator of Theorem 3.7= 0.3514617539889911
True error (H norm) 0.08688160059726849
unc-cc-pvdz
coords shape (67500, 3)
cH= 0.3682250153776402
c1= 0.03905350387790043
c2= 0.1323101477786495
cP= 2.82467950856205
unc-cc-pvdz eigenvalue 2.7157307576575995 2.7184006444804885 error 0.002669886822888934
estim_Delta= 0.0007481688392876351
estim_atom= 0.00010841759482403636
Estimator of Theorem 3.7= 0.2663642188926661
True error (H norm) 0.06248119581301144
unc-cc-pvtz
coords shape (67500, 3)
cH= 0.3682250153776402
c1= 0.039305999788612274
c2= 0.13316558373042062
cP= 2.82467950856205
unc-cc-pvtz eigenvalue 2.7157307576575995 2.7162397815155837 error 0.0005090238579841255
estim_Delta= 0.00011521797292632833
estim_atom= 2.817077467449758e-05
Estimator of Theorem 3.7= 0.11119751702674034
True error (H norm) 0.02603255223710489
pc-1
coords shape (67500, 3)
cH= 0.3682250153776402
c1= 0.0389418103421127
c2= 0.1319317390122505
cP= 2.82467950856205
pc-1 eigenvalue 2.7157307576575995 2.719358747141554 error 0.0036279894839545967
estim_Delta= 0.0011340018996699435
estim_atom= 6.424863747586711e-05
Estimator of Theorem 3.7= 0.305876996177246
True error (H norm) 0.0806543904846511
unc-pc-1
coords shape (67500, 3)
cH= 0.3682250153776402
c1= 0.039078226438658416
c2= 0.1323939058372755
cP= 2.82467950856205
unc-pc-1 eigenvalue 2.7157307576575995 2.7181887606142094 error 0.002458002956609917
estim_Delta= 0.0006459878970501693
estim_atom= 4.7274277503855244e-05
Estimator of Theorem 3.7= 0.23282159633175376
True error (H norm) 0.06315187079232126
pc-2
coords shape (67500, 3)
cH= 0.3682250153776402
c1= 0.03931928054282118
c2= 0.13321057786353313
cP= 2.82467950856205
pc-2 eigenvalue 2.7157307576575995 2.716126317071648 error 0.000395559414048563
estim_Delta= 9.755953622225015e-05
estim_atom= 2.1795052164990918e-05
Estimator of Theorem 3.7= 0.10081892193586703
True error (H norm) 0.0260359654948203
unc-pc-2
coords shape (67500, 3)
cH= 0.3682250153776402
c1= 0.039336354705145064
c2= 0.13326842375995596
cP= 2.82467950856205
unc-pc-2 eigenvalue 2.7157307576575995 2.715980471704235 error 0.0002497140466353187
estim_Delta= 6.125375305046296e-05
estim_atom= 2.0841230834106484e-05
Estimator of Theorem 3.7= 0.08605003808505432
True error (H norm) 0.0194343609721033
cc-pvtz
coords shape (67500, 3)
cH= 0.3682250153776402
c1= 0.03929452836361641
c2= 0.1331267194599782
cP= 2.82467950856205
cc-pvtz eigenvalue 2.7157307576575995 2.7163378033420917 error 0.0006070456844922134
estim_Delta= 0.00014336891494670838
estim_atom= 3.0294423623245476e-05
Estimator of Theorem 3.7= 0.12129436842901492
True error (H norm) 0.02959076201722038
aug-cc-pvdz
